<?xml version="1.0" encoding="UTF-8"?>
<!-- Generated by org.testng.reporters.JUnitReportReporter -->
<testsuite hostname="Acharya" failures="0" tests="1" name="Window_Operations.Set_Size_Position" time="52.555" errors="0" timestamp="2023-07-21T17:50:14 IST" skipped="0">
  <testcase classname="Window_Operations.Set_Size_Position" name="setWindow" time="52.555"/>
</testsuite> <!-- Window_Operations.Set_Size_Position -->
