<?xml version="1.0" encoding="UTF-8"?>
<!-- Generated by org.testng.reporters.JUnitReportReporter -->
<testsuite hostname="Acharya" failures="0" tests="1" name="JavaScriptExecutor.Get_Title_Using_JSE" time="11.335" errors="0" timestamp="2023-09-01T16:52:05 IST" skipped="0">
  <testcase classname="JavaScriptExecutor.Get_Title_Using_JSE" name="setup" time="11.335"/>
</testsuite> <!-- JavaScriptExecutor.Get_Title_Using_JSE -->
