<?xml version="1.0" encoding="UTF-8"?>
<!-- Generated by org.testng.reporters.JUnitReportReporter -->
<testsuite hostname="Acharya" failures="0" tests="1" name="DropDrowns.Drop_Down_Class" time="26.856" errors="0" timestamp="2023-09-01T18:59:12 IST" skipped="0">
  <testcase classname="DropDrowns.Drop_Down_Class" name="dropdown" time="26.856"/>
</testsuite> <!-- DropDrowns.Drop_Down_Class -->
