<?xml version="1.0" encoding="UTF-8"?>
<!-- Generated by org.testng.reporters.JUnitReportReporter -->
<testsuite hostname="Acharya" failures="0" tests="1" name="Xpath_Practise.Xpath_example" time="10.026" errors="0" timestamp="2023-09-06T17:57:23 IST" skipped="0">
  <testcase classname="Xpath_Practise.Xpath_example" name="setUp" time="10.026"/>
</testsuite> <!-- Xpath_Practise.Xpath_example -->
