<?xml version="1.0" encoding="UTF-8"?>
<!-- Generated by org.testng.reporters.JUnitReportReporter -->
<testsuite hostname="Acharya" failures="0" tests="6" name="Dataproviders.Check_Using_String" time="0.021" errors="0" timestamp="2023-09-05T09:54:42 IST" skipped="0">
  <testcase classname="Dataproviders.Check_Using_String" name="useDataprovider" time="0.002"/>
  <testcase classname="Dataproviders.Check_Using_String" name="useDataprovider" time="0.003"/>
  <testcase classname="Dataproviders.Check_Using_String" name="useDataprovider" time="0.007"/>
  <testcase classname="Dataproviders.Check_Using_String" name="useDataprovider" time="0.003"/>
  <testcase classname="Dataproviders.Check_Using_String" name="useDataprovider" time="0.003"/>
  <testcase classname="Dataproviders.Check_Using_String" name="useDataprovider" time="0.003"/>
</testsuite> <!-- Dataproviders.Check_Using_String -->
