<?xml version="1.0" encoding="UTF-8"?>
<!-- Generated by org.testng.reporters.JUnitReportReporter -->
<testsuite hostname="Acharya" failures="0" tests="1" name="Locators.Tag_Name" time="12.886" errors="0" timestamp="2023-07-19T11:34:06 IST" skipped="0">
  <testcase classname="Locators.Tag_Name" name="findElementByTagName" time="12.886"/>
</testsuite> <!-- Locators.Tag_Name -->
