<?xml version="1.0" encoding="UTF-8"?>
<!-- Generated by org.testng.reporters.JUnitReportReporter -->
<testsuite hostname="Acharya" failures="0" tests="1" name="Xpath_Practise.Descendent_Ex" time="16.987" errors="0" timestamp="2023-08-31T12:58:43 IST" skipped="0">
  <testcase classname="Xpath_Practise.Descendent_Ex" name="Va" time="16.987"/>
</testsuite> <!-- Xpath_Practise.Descendent_Ex -->
