<?xml version="1.0" encoding="UTF-8"?>
<!-- Generated by org.testng.reporters.JUnitReportReporter -->
<testsuite hostname="Acharya" failures="0" tests="1" name="Real_Time_Situvations.Dynamic_Element" time="10.984" errors="0" timestamp="2023-08-29T11:38:30 IST" skipped="0">
  <testcase classname="Real_Time_Situvations.Dynamic_Element" name="setUp" time="10.984"/>
</testsuite> <!-- Real_Time_Situvations.Dynamic_Element -->
