<?xml version="1.0" encoding="UTF-8"?>
<!-- Generated by org.testng.reporters.JUnitReportReporter -->
<testsuite hostname="Acharya" failures="0" tests="2" name="Extent_Reports.Test_Case_1" time="39.086" errors="0" timestamp="2023-09-03T14:44:07 IST" skipped="1">
  <testcase classname="Extent_Reports.Test_Case_1" name="checkLogin" time="39.086"/>
  <testcase classname="Extent_Reports.Test_Case_1" name="verifyTitleOfPage">
    <skipped/>
  </testcase> <!-- verifyTitleOfPage -->
</testsuite> <!-- Extent_Reports.Test_Case_1 -->
