<?xml version="1.0" encoding="UTF-8"?>
<!-- Generated by org.testng.reporters.JUnitReportReporter -->
<testsuite hostname="Acharya" failures="0" tests="5" name="TestNg_Programs.invocation_Count_Annotation" time="0.019" errors="0" timestamp="2023-08-27T21:49:45 IST" skipped="0">
  <testcase classname="TestNg_Programs.invocation_Count_Annotation" name="method" time="0.009"/>
  <testcase classname="TestNg_Programs.invocation_Count_Annotation" name="method" time="0.003"/>
  <testcase classname="TestNg_Programs.invocation_Count_Annotation" name="method" time="0.003"/>
  <testcase classname="TestNg_Programs.invocation_Count_Annotation" name="method" time="0.002"/>
  <testcase classname="TestNg_Programs.invocation_Count_Annotation" name="method" time="0.002"/>
</testsuite> <!-- TestNg_Programs.invocation_Count_Annotation -->
