<?xml version="1.0" encoding="UTF-8"?>
<!-- Generated by org.testng.reporters.JUnitReportReporter -->
<testsuite hostname="Acharya" failures="0" tests="4" name="Dataproviders.FaceBook_Login_With_Different_Set_Of_Data" time="0.018" errors="0" timestamp="2023-09-05T16:37:27 IST" skipped="0">
  <testcase classname="Dataproviders.FaceBook_Login_With_Different_Set_Of_Data" name="getData" time="0.007"/>
  <testcase classname="Dataproviders.FaceBook_Login_With_Different_Set_Of_Data" name="getData" time="0.004"/>
  <testcase classname="Dataproviders.FaceBook_Login_With_Different_Set_Of_Data" name="getData" time="0.005"/>
  <testcase classname="Dataproviders.FaceBook_Login_With_Different_Set_Of_Data" name="getData" time="0.002"/>
</testsuite> <!-- Dataproviders.FaceBook_Login_With_Different_Set_Of_Data -->
