<?xml version="1.0" encoding="UTF-8"?>
<!-- Generated by org.testng.reporters.JUnitReportReporter -->
<testsuite hostname="Acharya" failures="0" tests="2" name="Dataproviders.Basic_Concept" time="0.011" errors="0" timestamp="2023-09-05T09:44:32 IST" skipped="0">
  <testcase classname="Dataproviders.Basic_Concept" name="fetchFromDataprovider" time="0.007"/>
  <testcase classname="Dataproviders.Basic_Concept" name="fetchFromDataprovider" time="0.004"/>
</testsuite> <!-- Dataproviders.Basic_Concept -->
