<?xml version="1.0" encoding="UTF-8"?>
<!-- Generated by org.testng.reporters.JUnitReportReporter -->
<testsuite hostname="Acharya" failures="0" tests="4" name="TestNg_Programs.priority_Class" time="0.016" errors="0" timestamp="2023-08-27T21:46:57 IST" skipped="0">
  <testcase classname="TestNg_Programs.priority_Class" name="bDD" time="0.008"/>
  <testcase classname="TestNg_Programs.priority_Class" name="AAA" time="0.002"/>
  <testcase classname="TestNg_Programs.priority_Class" name="CCC" time="0.004"/>
  <testcase classname="TestNg_Programs.priority_Class" name="BBB" time="0.002"/>
</testsuite> <!-- TestNg_Programs.priority_Class -->
