<?xml version="1.0" encoding="UTF-8"?>
<!-- Generated by org.testng.reporters.JUnitReportReporter -->
<testsuite hostname="Acharya" failures="0" tests="3" name="Cross_Browsing.Test_cross_Browsing" time="67.748" errors="0" timestamp="2023-09-01T19:11:18 IST" skipped="0">
  <testcase classname="Cross_Browsing.Test_cross_Browsing" name="test2" time="50.238"/>
  <testcase classname="Cross_Browsing.Test_cross_Browsing" name="test2" time="8.533"/>
  <testcase classname="Cross_Browsing.Test_cross_Browsing" name="test2" time="8.977"/>
</testsuite> <!-- Cross_Browsing.Test_cross_Browsing -->
