<?xml version="1.0" encoding="UTF-8"?>
<!-- Generated by org.testng.reporters.JUnitReportReporter -->
<testsuite hostname="Acharya" failures="0" tests="2" name="TestNg_Programs.Enables_Annotation" time="0.002" errors="0" timestamp="2023-08-27T21:46:57 IST" skipped="1">
  <testcase classname="TestNg_Programs.Enables_Annotation" name="setA" time="0.002"/>
  <testcase classname="TestNg_Programs.Enables_Annotation" name="setB">
    <skipped/>
  </testcase> <!-- setB -->
</testsuite> <!-- TestNg_Programs.Enables_Annotation -->
