<?xml version="1.0" encoding="UTF-8"?>
<!-- Generated by org.testng.reporters.JUnitReportReporter -->
<testsuite hostname="Acharya" failures="0" tests="1" name="JavaScriptExecutor.Send_Data_Usi_JSE" time="9.630" errors="0" timestamp="2023-09-01T16:52:05 IST" skipped="0">
  <testcase classname="JavaScriptExecutor.Send_Data_Usi_JSE" name="setup" time="9.630"/>
</testsuite> <!-- JavaScriptExecutor.Send_Data_Usi_JSE -->
