<?xml version="1.0" encoding="UTF-8"?>
<!-- Generated by org.testng.reporters.JUnitReportReporter -->
<testsuite hostname="Acharya" failures="0" tests="1" name="Window_Operations.Set_Position_Method" time="34.539" errors="0" timestamp="2023-07-21T17:59:43 IST" skipped="0">
  <testcase classname="Window_Operations.Set_Position_Method" name="setWindow" time="34.539"/>
</testsuite> <!-- Window_Operations.Set_Position_Method -->
