<?xml version="1.0" encoding="UTF-8"?>
<!-- Generated by org.testng.reporters.JUnitReportReporter -->
<testsuite hostname="Acharya" failures="0" tests="1" name="Locators.TagName" time="13.165" errors="0" timestamp="2023-07-18T19:09:43 IST" skipped="0">
  <testcase classname="Locators.TagName" name="findElementByTagName" time="13.165"/>
</testsuite> <!-- Locators.TagName -->
