<?xml version="1.0" encoding="UTF-8"?>
<!-- Generated by org.testng.reporters.JUnitReportReporter -->
<testsuite hostname="Acharya" failures="0" tests="1" name="Parameterization_In_TestNG.Parameter" time="9.897" errors="0" timestamp="2023-09-01T18:27:36 IST" skipped="0">
  <testcase classname="Parameterization_In_TestNG.Parameter" name="test1" time="9.897"/>
</testsuite> <!-- Parameterization_In_TestNG.Parameter -->
